<?xml version="1.0" encoding="UTF-8"?>
<testsuite xmlns:xsi="http://www.w3.org/2001/XMLSchema-instance" xsi:noNamespaceSchemaLocation="https://maven.apache.org/surefire/maven-surefire-plugin/xsd/surefire-test-report-3.0.xsd" version="3.0" name="com.example.seating.SeatingArrangementApplicationTests" time="4.362" tests="1" errors="0" skipped="0" failures="0">
  <properties>
[...]
</properties>
  <testcase name="contextLoads" classname="com.example.seating.SeatingArrangementApplicationTests" time="0.678">
    <system-out><![CDATA[21:47:54.940 [main] INFO org.springframework.test.context.support.AnnotationConfigContextLoaderUtils -- Could not detect default configuration classes for test class [com.example.seating.SeatingArrangementApplicationTests]: SeatingArrangementApplicationTests does not declare any static, non-private, non-final, nested classes annotated with @Configuration.
21:47:55.035 [main] INFO org.springframework.boot.test.context.SpringBootTestContextBootstrapper -- Found @SpringBootConfiguration com.example.seating.SeatingArrangementApplication for test class com.example.seating.SeatingArrangementApplicationTests

  .   ____          _            __ _ _
 /\\ / ___'_ __ _ _(_)_ __  __ _ \ \ \ \
( ( )\___ | '_ | '_| | '_ \/ _` | \ \ \ \
 \\/  ___)| |_)| | | | | || (_| |  ) ) ) )
  '  |____| .__|_| |_|_| |_\__, | / / / /
 =========|_|==============|___/=/_/_/_/

 :: Spring Boot ::                (v3.3.5)

2026-06-10T21:47:55.481+08:00  INFO 5372 --- [seating-arrangement-backend] [           main] c.e.s.SeatingArrangementApplicationTests : Starting SeatingArrangementApplicationTests using Java 19.0.1 with PID 5372 (started by USER in D:\Seating Arrangement System\backend)
2026-06-10T21:47:55.483+08:00  INFO 5372 --- [seating-arrangement-backend] [           main] c.e.s.SeatingArrangementApplicationTests : No active profile set, falling back to 1 default profile: "default"
2026-06-10T21:47:56.838+08:00  INFO 5372 --- [seating-arrangement-backend] [           main] com.zaxxer.hikari.HikariDataSource       : HikariPool-1 - Starting...
2026-06-10T21:47:57.112+08:00  INFO 5372 --- [seating-arrangement-backend] [           main] com.zaxxer.hikari.pool.HikariPool        : HikariPool-1 - Added connection ConnectionID:1 ClientConnectionId: 41bb40b0-db90-4ee8-8cb6-4825cecaf60d
2026-06-10T21:47:57.113+08:00  INFO 5372 --- [seating-arrangement-backend] [           main] com.zaxxer.hikari.HikariDataSource       : HikariPool-1 - Start completed.
2026-06-10T21:47:57.156+08:00  INFO 5372 --- [seating-arrangement-backend] [           main] org.flywaydb.core.FlywayExecutor         : Database: jdbc:sqlserver://localhost:1433;connectRetryInterval=10;connectRetryCount=1;maxResultBuffer=-1;sendTemporalDataTypesAsStringForBulkCopy=true;delayLoadingLobs=true;useFmtOnly=false;useBulkCopyForBatchInsert=false;cancelQueryTimeout=-1;sslProtocol=TLS;calcBigDecimalPrecision=false;useDefaultJaasConfig=false;jaasConfigurationName=SQLJDBCDriver;statementPoolingCacheSize=0;serverPreparedStatementDiscardThreshold=10;enablePrepareOnFirstPreparedStatementCall=false;fips=false;socketTimeout=0;authentication=NotSpecified;authenticationScheme=nativeAuthentication;xopenStates=false;datetimeParameterType=datetime2;sendTimeAsDatetime=true;replication=false;trustStoreType=JKS;trustServerCertificate=true;TransparentNetworkIPResolution=true;iPAddressPreference=IPv4First;serverNameAsACE=false;sendStringParametersAsUnicode=true;selectMethod=direct;responseBuffering=adaptive;queryTimeout=-1;packetSize=8000;multiSubnetFailover=false;loginTimeout=30;lockTimeout=-1;lastUpdateCount=true;useDefaultGSSCredential=false;prepareMethod=prepexec;encrypt=true;disableStatementPooling=true;databaseName=SeatingArrangement;columnEncryptionSetting=Disabled;applicationName=Microsoft JDBC Driver for SQL Server;applicationIntent=readwrite; (Microsoft SQL Server 16.0)
2026-06-10T21:47:57.250+08:00  INFO 5372 --- [seating-arrangement-backend] [           main] o.f.core.internal.command.DbValidate     : Successfully validated 4 migrations (execution time 00:00.058s)
2026-06-10T21:47:57.283+08:00  INFO 5372 --- [seating-arrangement-backend] [           main] o.f.core.internal.command.DbMigrate      : Current version of schema [dbo]: 4
2026-06-10T21:47:57.288+08:00  INFO 5372 --- [seating-arrangement-backend] [           main] o.f.core.internal.command.DbMigrate      : Schema [dbo] is up to date. No migration necessary.
2026-06-10T21:47:58.434+08:00  INFO 5372 --- [seating-arrangement-backend] [           main] c.e.s.SeatingArrangementApplicationTests : Started SeatingArrangementApplicationTests in 3.278 seconds (process running for 4.124)
]]></system-out>
  </testcase>
</testsuite>